<?xml version="1.0" encoding="UTF-8"?>
<testsuite name="tests.RegistrationTests" tests="1" skipped="0" failures="0" errors="0" timestamp="2023-01-17T17:57:23" hostname="LAPTOP-AP8CUR31" time="0.754">
  <properties/>
  <testcase name="registrationSuccess" classname="tests.RegistrationTests" time="0.754"/>
  <system-out><![CDATA[Window Height832
Window Width1552
]]></system-out>
  <system-err><![CDATA[]]></system-err>
</testsuite>
